<?xml version="1.0" encoding="UTF-8"?>
<!-- Generated by org.testng.reporters.JUnitXMLReporter -->
<testsuite hostname="STFMXC1682" ignored="0" tests="4" failures="0" timestamp="31 may 2022 21:58:11 GMT" time="172.454" errors="0">
  <testcase name="test_CamposIncorrectos" time="94.257" classname="Robot"/>
  <testcase name="test_CamposVacios" time="16.294" classname="Robot"/>
  <testcase name="test_FechaIncorrecta" time="16.239" classname="Robot"/>
  <testcase name="test_PruebaCompleta" time="35.565" classname="Robot"/>
</testsuite>
