<?xml version="1.0" encoding="UTF-8"?>
<testng-results skipped="0" failed="1" ignored="0" total="4" passed="3">
  <reporter-output>
  </reporter-output>
  <suite name="Default suite" duration-ms="11219" started-at="2022-05-21T03:40:55Z" finished-at="2022-05-21T03:41:06Z">
    <groups>
    </groups>
    <test name="Default test" duration-ms="11219" started-at="2022-05-21T03:40:55Z" finished-at="2022-05-21T03:41:06Z">
      <class name="Robot">
        <test-method status="PASS" signature="beforeClass()[pri:0, instance:Robot@5a1c0542]" name="beforeClass" is-config="true" duration-ms="5309" started-at="2022-05-20T22:40:55Z" finished-at="2022-05-20T22:41:00Z">
          <reporter-output>
          </reporter-output>
        </test-method> <!-- beforeClass -->
        <test-method status="PASS" signature="test_CamposIncorrectos()[pri:0, instance:Robot@5a1c0542]" name="test_CamposIncorrectos" duration-ms="537" started-at="2022-05-20T22:41:00Z" finished-at="2022-05-20T22:41:01Z">
          <reporter-output>
          </reporter-output>
        </test-method> <!-- test_CamposIncorrectos -->
        <test-method status="PASS" signature="test_CamposVacios()[pri:0, instance:Robot@5a1c0542]" name="test_CamposVacios" duration-ms="411" started-at="2022-05-20T22:41:01Z" finished-at="2022-05-20T22:41:01Z">
          <reporter-output>
          </reporter-output>
        </test-method> <!-- test_CamposVacios -->
        <test-method status="PASS" signature="test_FechaIncorrecta()[pri:0, instance:Robot@5a1c0542]" name="test_FechaIncorrecta" duration-ms="462" started-at="2022-05-20T22:41:01Z" finished-at="2022-05-20T22:41:02Z">
          <reporter-output>
          </reporter-output>
        </test-method> <!-- test_FechaIncorrecta -->
        <test-method status="FAIL" signature="test_PruebaCompleta()[pri:0, instance:Robot@5a1c0542]" name="test_PruebaCompleta" duration-ms="336" started-at="2022-05-20T22:41:02Z" finished-at="2022-05-20T22:41:02Z">
          <exception class="org.openqa.selenium.NoSuchFrameException">
            <message>
              <![CDATA[no such frame
  (Session info: chrome=101.0.4951.67)
Build info: version: '4.1.3', revision: '7b1ebf28ef'
System info: host: 'STFMXC1682', ip: '192.168.100.71', os.name: 'Windows 10', os.arch: 'amd64', os.version: '10.0', java.version: '1.8.0_301'
Driver info: org.openqa.selenium.chrome.ChromeDriver
Command: [4f84fe4f27a6fa230f8c4b30d03689c3, switchToFrame {id=1}]
Capabilities {acceptInsecureCerts: false, browserName: chrome, browserVersion: 101.0.4951.67, chrome: {chromedriverVersion: 100.0.4896.60 (6a5d10861ce8..., userDataDir: C:\Users\LANEGR~1\AppData\L...}, goog:chromeOptions: {debuggerAddress: localhost:60118}, javascriptEnabled: true, networkConnectionEnabled: false, pageLoadStrategy: normal, platform: WINDOWS, platformName: WINDOWS, proxy: Proxy(), se:cdp: ws://localhost:60118/devtoo..., se:cdpVersion: 101.0.4951.67, setWindowRect: true, strictFileInteractability: false, timeouts: {implicit: 0, pageLoad: 300000, script: 30000}, unhandledPromptBehavior: dismiss and notify, webauthn:extension:credBlob: true, webauthn:extension:largeBlob: true, webauthn:virtualAuthenticators: true}
Session ID: 4f84fe4f27a6fa230f8c4b30d03689c3]]>
            </message>
            <full-stacktrace>
              <![CDATA[org.openqa.selenium.NoSuchFrameException: no such frame
  (Session info: chrome=101.0.4951.67)
Build info: version: '4.1.3', revision: '7b1ebf28ef'
System info: host: 'STFMXC1682', ip: '192.168.100.71', os.name: 'Windows 10', os.arch: 'amd64', os.version: '10.0', java.version: '1.8.0_301'
Driver info: org.openqa.selenium.chrome.ChromeDriver
Command: [4f84fe4f27a6fa230f8c4b30d03689c3, switchToFrame {id=1}]
Capabilities {acceptInsecureCerts: false, browserName: chrome, browserVersion: 101.0.4951.67, chrome: {chromedriverVersion: 100.0.4896.60 (6a5d10861ce8..., userDataDir: C:\Users\LANEGR~1\AppData\L...}, goog:chromeOptions: {debuggerAddress: localhost:60118}, javascriptEnabled: true, networkConnectionEnabled: false, pageLoadStrategy: normal, platform: WINDOWS, platformName: WINDOWS, proxy: Proxy(), se:cdp: ws://localhost:60118/devtoo..., se:cdpVersion: 101.0.4951.67, setWindowRect: true, strictFileInteractability: false, timeouts: {implicit: 0, pageLoad: 300000, script: 30000}, unhandledPromptBehavior: dismiss and notify, webauthn:extension:credBlob: true, webauthn:extension:largeBlob: true, webauthn:virtualAuthenticators: true}
Session ID: 4f84fe4f27a6fa230f8c4b30d03689c3
	at sun.reflect.NativeConstructorAccessorImpl.newInstance0(Native Method)
	at sun.reflect.NativeConstructorAccessorImpl.newInstance(Unknown Source)
	at sun.reflect.DelegatingConstructorAccessorImpl.newInstance(Unknown Source)
	at java.lang.reflect.Constructor.newInstance(Unknown Source)
	at org.openqa.selenium.remote.codec.w3c.W3CHttpResponseCodec.createException(W3CHttpResponseCodec.java:200)
	at org.openqa.selenium.remote.codec.w3c.W3CHttpResponseCodec.decode(W3CHttpResponseCodec.java:133)
	at org.openqa.selenium.remote.codec.w3c.W3CHttpResponseCodec.decode(W3CHttpResponseCodec.java:53)
	at org.openqa.selenium.remote.HttpCommandExecutor.execute(HttpCommandExecutor.java:184)
	at org.openqa.selenium.remote.service.DriverCommandExecutor.invokeExecute(DriverCommandExecutor.java:167)
	at org.openqa.selenium.remote.service.DriverCommandExecutor.execute(DriverCommandExecutor.java:142)
	at org.openqa.selenium.remote.RemoteWebDriver.execute(RemoteWebDriver.java:567)
	at org.openqa.selenium.remote.RemoteWebDriver$RemoteTargetLocator.frame(RemoteWebDriver.java:1040)
	at Robot.test_PruebaCompleta(Robot.java:83)
	at sun.reflect.NativeMethodAccessorImpl.invoke0(Native Method)
	at sun.reflect.NativeMethodAccessorImpl.invoke(Unknown Source)
	at sun.reflect.DelegatingMethodAccessorImpl.invoke(Unknown Source)
	at java.lang.reflect.Method.invoke(Unknown Source)
	at org.testng.internal.MethodInvocationHelper.invokeMethod(MethodInvocationHelper.java:104)
	at org.testng.internal.Invoker.invokeMethod(Invoker.java:645)
	at org.testng.internal.Invoker.invokeTestMethod(Invoker.java:851)
	at org.testng.internal.Invoker.invokeTestMethods(Invoker.java:1177)
	at org.testng.internal.TestMethodWorker.invokeTestMethods(TestMethodWorker.java:129)
	at org.testng.internal.TestMethodWorker.run(TestMethodWorker.java:112)
	at org.testng.TestRunner.privateRun(TestRunner.java:756)
	at org.testng.TestRunner.run(TestRunner.java:610)
	at org.testng.SuiteRunner.runTest(SuiteRunner.java:387)
	at org.testng.SuiteRunner.runSequentially(SuiteRunner.java:382)
	at org.testng.SuiteRunner.privateRun(SuiteRunner.java:340)
	at org.testng.SuiteRunner.run(SuiteRunner.java:289)
	at org.testng.SuiteRunnerWorker.runSuite(SuiteRunnerWorker.java:52)
	at org.testng.SuiteRunnerWorker.run(SuiteRunnerWorker.java:86)
	at org.testng.TestNG.runSuitesSequentially(TestNG.java:1293)
	at org.testng.TestNG.runSuitesLocally(TestNG.java:1218)
	at org.testng.TestNG.runSuites(TestNG.java:1133)
	at org.testng.TestNG.run(TestNG.java:1104)
	at org.testng.remote.AbstractRemoteTestNG.run(AbstractRemoteTestNG.java:132)
	at org.testng.remote.RemoteTestNG.initAndRun(RemoteTestNG.java:236)
	at org.testng.remote.RemoteTestNG.main(RemoteTestNG.java:81)
]]>
            </full-stacktrace>
          </exception> <!-- org.openqa.selenium.NoSuchFrameException -->
          <reporter-output>
          </reporter-output>
        </test-method> <!-- test_PruebaCompleta -->
        <test-method status="PASS" signature="afterClass()[pri:0, instance:Robot@5a1c0542]" name="afterClass" is-config="true" duration-ms="4139" started-at="2022-05-20T22:41:02Z" finished-at="2022-05-20T22:41:06Z">
          <reporter-output>
          </reporter-output>
        </test-method> <!-- afterClass -->
      </class> <!-- Robot -->
    </test> <!-- Default test -->
  </suite> <!-- Default suite -->
</testng-results>
