<?xml version="1.0" encoding="UTF-8"?>
<testng-results skipped="0" failed="0" ignored="0" total="4" passed="4">
  <reporter-output>
  </reporter-output>
  <suite name="Suite" duration-ms="172454" started-at="2022-05-31T21:55:18Z" finished-at="2022-05-31T21:58:11Z">
    <groups>
    </groups>
    <test name="Test" duration-ms="172454" started-at="2022-05-31T21:55:18Z" finished-at="2022-05-31T21:58:11Z">
      <class name="Robot">
        <test-method status="PASS" signature="beforeClass()[pri:0, instance:Robot@5a1c0542]" name="beforeClass" is-config="true" duration-ms="6001" started-at="2022-05-31T16:55:18Z" finished-at="2022-05-31T16:55:24Z">
          <reporter-output>
          </reporter-output>
        </test-method> <!-- beforeClass -->
        <test-method status="PASS" signature="test_CamposIncorrectos()[pri:0, instance:Robot@5a1c0542]" name="test_CamposIncorrectos" duration-ms="94257" started-at="2022-05-31T16:55:24Z" finished-at="2022-05-31T16:56:58Z">
          <reporter-output>
          </reporter-output>
        </test-method> <!-- test_CamposIncorrectos -->
        <test-method status="PASS" signature="test_CamposVacios()[pri:0, instance:Robot@5a1c0542]" name="test_CamposVacios" duration-ms="16294" started-at="2022-05-31T16:56:58Z" finished-at="2022-05-31T16:57:15Z">
          <reporter-output>
          </reporter-output>
        </test-method> <!-- test_CamposVacios -->
        <test-method status="PASS" signature="test_FechaIncorrecta()[pri:0, instance:Robot@5a1c0542]" name="test_FechaIncorrecta" duration-ms="16239" started-at="2022-05-31T16:57:15Z" finished-at="2022-05-31T16:57:31Z">
          <reporter-output>
          </reporter-output>
        </test-method> <!-- test_FechaIncorrecta -->
        <test-method status="PASS" signature="test_PruebaCompleta()[pri:0, instance:Robot@5a1c0542]" name="test_PruebaCompleta" duration-ms="35565" started-at="2022-05-31T16:57:31Z" finished-at="2022-05-31T16:58:06Z">
          <reporter-output>
          </reporter-output>
        </test-method> <!-- test_PruebaCompleta -->
        <test-method status="PASS" signature="afterClass()[pri:0, instance:Robot@5a1c0542]" name="afterClass" is-config="true" duration-ms="4098" started-at="2022-05-31T16:58:06Z" finished-at="2022-05-31T16:58:11Z">
          <reporter-output>
          </reporter-output>
        </test-method> <!-- afterClass -->
      </class> <!-- Robot -->
    </test> <!-- Test -->
  </suite> <!-- Suite -->
</testng-results>
